[2023-08-18 14:40:14] request.INFO: Matched route "admin_themes_import". {"route":"admin_themes_import","route_parameters":{"_route":"admin_themes_import","_controller":"PrestaShopBundle\\Controller\\Admin\\Improve\\Design\\ThemeController::importAction","_legacy_controller":"AdminThemes","_legacy_link":"AdminThemes:importtheme"},"request_uri":"http://localhost:7777/prestashop_edition_basic_version_8.1.0/admin1017mfaenagmddc8ms3/index.php/improve/design/themes/import?_token=eIq2ivPYq7kmIg8xFFr1MEAfxSZsksYcZJ8LpV6eOVA","method":"POST"} []
[2023-08-18 14:40:14] security.DEBUG: Read existing security token from the session. {"key":"_security_main","token_class":"Symfony\\Component\\Security\\Core\\Authentication\\Token\\UsernamePasswordToken"} []
[2023-08-18 14:40:14] security.DEBUG: User was reloaded from a user provider. {"provider":"PrestaShopBundle\\Security\\Admin\\EmployeeProvider","username":"islam.abuaish.dev@gmail.com"} []
[2023-08-18 14:40:17] app.ERROR: Configuration file not found C:\xampp\htdocs\prestashop_edition_basic_version_8.1.0/var/cache/prod\sandbox/64df58a05fabc//config/theme.yml [] []
[2023-08-18 14:40:17] security.DEBUG: Stored the security token in the session. {"key":"_security_main"} []
[2023-08-18 14:40:47] request.INFO: Matched route "admin_themes_import". {"route":"admin_themes_import","route_parameters":{"_route":"admin_themes_import","_controller":"PrestaShopBundle\\Controller\\Admin\\Improve\\Design\\ThemeController::importAction","_legacy_controller":"AdminThemes","_legacy_link":"AdminThemes:importtheme"},"request_uri":"http://localhost:7777/prestashop_edition_basic_version_8.1.0/admin1017mfaenagmddc8ms3/index.php/improve/design/themes/import?_token=eIq2ivPYq7kmIg8xFFr1MEAfxSZsksYcZJ8LpV6eOVA","method":"POST"} []
[2023-08-18 14:40:47] security.DEBUG: Read existing security token from the session. {"key":"_security_main","token_class":"Symfony\\Component\\Security\\Core\\Authentication\\Token\\UsernamePasswordToken"} []
[2023-08-18 14:40:47] security.DEBUG: User was reloaded from a user provider. {"provider":"PrestaShopBundle\\Security\\Admin\\EmployeeProvider","username":"islam.abuaish.dev@gmail.com"} []
[2023-08-18 14:40:48] app.ERROR: Configuration file not found C:\xampp\htdocs\prestashop_edition_basic_version_8.1.0/var/cache/prod\sandbox/64df58bf858e5//config/theme.yml [] []
[2023-08-18 14:40:48] security.DEBUG: Stored the security token in the session. {"key":"_security_main"} []
[2023-08-18 14:42:06] request.INFO: Matched route "admin_themes_import". {"route":"admin_themes_import","route_parameters":{"_route":"admin_themes_import","_controller":"PrestaShopBundle\\Controller\\Admin\\Improve\\Design\\ThemeController::importAction","_legacy_controller":"AdminThemes","_legacy_link":"AdminThemes:importtheme"},"request_uri":"http://localhost:7777/prestashop_edition_basic_version_8.1.0/admin1017mfaenagmddc8ms3/index.php/improve/design/themes/import?_token=eIq2ivPYq7kmIg8xFFr1MEAfxSZsksYcZJ8LpV6eOVA","method":"POST"} []
[2023-08-18 14:42:06] security.DEBUG: Read existing security token from the session. {"key":"_security_main","token_class":"Symfony\\Component\\Security\\Core\\Authentication\\Token\\UsernamePasswordToken"} []
[2023-08-18 14:42:06] security.DEBUG: User was reloaded from a user provider. {"provider":"PrestaShopBundle\\Security\\Admin\\EmployeeProvider","username":"islam.abuaish.dev@gmail.com"} []
[2023-08-18 14:42:08] app.ERROR: No result was found for query although at least one row was expected. {"object_type":"Translation"} []
[2023-08-18 14:42:08] app.ERROR: No result was found for query although at least one row was expected. {"object_type":"Translation"} []
[2023-08-18 14:42:09] app.ERROR: No result was found for query although at least one row was expected. {"object_type":"Translation"} []
[2023-08-18 14:42:09] app.ERROR: No result was found for query although at least one row was expected. {"object_type":"Translation"} []
[2023-08-18 14:42:09] app.ERROR: No result was found for query although at least one row was expected. {"object_type":"Translation"} []
[2023-08-18 14:42:09] app.ERROR: No result was found for query although at least one row was expected. {"object_type":"Translation"} []
[2023-08-18 14:42:09] app.ERROR: No result was found for query although at least one row was expected. {"object_type":"Translation"} []
[2023-08-18 14:42:09] app.ERROR: No result was found for query although at least one row was expected. {"object_type":"Translation"} []
[2023-08-18 14:42:09] app.ERROR: No result was found for query although at least one row was expected. {"object_type":"Translation"} []
[2023-08-18 14:42:09] app.ERROR: No result was found for query although at least one row was expected. {"object_type":"Translation"} []
[2023-08-18 14:42:09] app.ERROR: No result was found for query although at least one row was expected. {"object_type":"Translation"} []
[2023-08-18 14:42:09] app.ERROR: No result was found for query although at least one row was expected. {"object_type":"Translation"} []
[2023-08-18 14:42:09] app.ERROR: No result was found for query although at least one row was expected. {"object_type":"Translation"} []
[2023-08-18 14:42:09] security.DEBUG: Stored the security token in the session. {"key":"_security_main"} []
[2023-08-18 15:16:53] request.INFO: Matched route "admin_themes_export_current". {"route":"admin_themes_export_current","route_parameters":{"_route":"admin_themes_export_current","_controller":"PrestaShopBundle\\Controller\\Admin\\Improve\\Design\\ThemeController::exportAction","_legacy_controller":"AdminThemes","_legacy_link":"AdminThemes:exporttheme"},"request_uri":"http://localhost:7777/prestashop_edition_basic_version_8.1.0/admin1017mfaenagmddc8ms3/index.php/improve/design/themes/export?_token=eIq2ivPYq7kmIg8xFFr1MEAfxSZsksYcZJ8LpV6eOVA","method":"GET"} []
[2023-08-18 15:16:53] security.DEBUG: Read existing security token from the session. {"key":"_security_main","token_class":"Symfony\\Component\\Security\\Core\\Authentication\\Token\\UsernamePasswordToken"} []
[2023-08-18 15:16:53] security.DEBUG: User was reloaded from a user provider. {"provider":"PrestaShopBundle\\Security\\Admin\\EmployeeProvider","username":"islam.abuaish.dev@gmail.com"} []
[2023-08-18 15:16:57] request.CRITICAL: Uncaught PHP Exception Symfony\Component\Filesystem\Exception\IOException: "Failed to remove directory "C:\xampp\htdocs\prestashop_edition_basic_version_8.1.0/var/cache/prod\export-almahtab-1692361013\modules\ps_emailalerts\views": rmdir(C:\xampp\htdocs\prestashop_edition_basic_version_8.1.0/var/cache/prod\export-almahtab-1692361013\modules\ps_emailalerts\views): Resource temporarily unavailable" at C:\xampp\htdocs\prestashop_edition_basic_version_8.1.0\vendor\symfony\symfony\src\Symfony\Component\Filesystem\Filesystem.php line 181 {"exception":"[object] (Symfony\\Component\\Filesystem\\Exception\\IOException(code: 0): Failed to remove directory \"C:\\xampp\\htdocs\\prestashop_edition_basic_version_8.1.0/var/cache/prod\\export-almahtab-1692361013\\modules\\ps_emailalerts\\views\": rmdir(C:\\xampp\\htdocs\\prestashop_edition_basic_version_8.1.0/var/cache/prod\\export-almahtab-1692361013\\modules\\ps_emailalerts\\views): Resource temporarily unavailable at C:\\xampp\\htdocs\\prestashop_edition_basic_version_8.1.0\\vendor\\symfony\\symfony\\src\\Symfony\\Component\\Filesystem\\Filesystem.php:181)"} []
[2023-08-18 15:16:57] security.DEBUG: Stored the security token in the session. {"key":"_security_main"} []
[2023-08-18 15:19:09] request.INFO: Matched route "admin_themes_import". {"route":"admin_themes_import","route_parameters":{"_route":"admin_themes_import","_controller":"PrestaShopBundle\\Controller\\Admin\\Improve\\Design\\ThemeController::importAction","_legacy_controller":"AdminThemes","_legacy_link":"AdminThemes:importtheme"},"request_uri":"http://localhost:7777/prestashop_edition_basic_version_8.1.0/admin1017mfaenagmddc8ms3/index.php/improve/design/themes/import?_token=eIq2ivPYq7kmIg8xFFr1MEAfxSZsksYcZJ8LpV6eOVA","method":"POST"} []
[2023-08-18 15:19:09] security.DEBUG: Read existing security token from the session. {"key":"_security_main","token_class":"Symfony\\Component\\Security\\Core\\Authentication\\Token\\UsernamePasswordToken"} []
[2023-08-18 15:19:09] security.DEBUG: User was reloaded from a user provider. {"provider":"PrestaShopBundle\\Security\\Admin\\EmployeeProvider","username":"islam.abuaish.dev@gmail.com"} []
[2023-08-18 15:19:10] app.ERROR: There is already a theme named almahtab in your themes/ folder. Remove it if you want to continue. [] []
[2023-08-18 15:19:10] security.DEBUG: Stored the security token in the session. {"key":"_security_main"} []
[2023-08-18 15:24:38] request.INFO: Matched route "admin_themes_import". {"route":"admin_themes_import","route_parameters":{"_route":"admin_themes_import","_controller":"PrestaShopBundle\\Controller\\Admin\\Improve\\Design\\ThemeController::importAction","_legacy_controller":"AdminThemes","_legacy_link":"AdminThemes:importtheme"},"request_uri":"http://localhost:7777/prestashop_edition_basic_version_8.1.0/admin1017mfaenagmddc8ms3/index.php/improve/design/themes/import?_token=eIq2ivPYq7kmIg8xFFr1MEAfxSZsksYcZJ8LpV6eOVA","method":"POST"} []
[2023-08-18 15:24:38] security.DEBUG: Read existing security token from the session. {"key":"_security_main","token_class":"Symfony\\Component\\Security\\Core\\Authentication\\Token\\UsernamePasswordToken"} []
[2023-08-18 15:24:38] security.DEBUG: User was reloaded from a user provider. {"provider":"PrestaShopBundle\\Security\\Admin\\EmployeeProvider","username":"islam.abuaish.dev@gmail.com"} []
[2023-08-18 15:24:40] app.ERROR: No result was found for query although at least one row was expected. {"object_type":"Translation"} []
[2023-08-18 15:24:40] app.ERROR: No result was found for query although at least one row was expected. {"object_type":"Translation"} []
[2023-08-18 15:24:40] app.ERROR: No result was found for query although at least one row was expected. {"object_type":"Translation"} []
[2023-08-18 15:24:40] app.ERROR: No result was found for query although at least one row was expected. {"object_type":"Translation"} []
[2023-08-18 15:24:40] app.ERROR: No result was found for query although at least one row was expected. {"object_type":"Translation"} []
[2023-08-18 15:24:40] app.ERROR: No result was found for query although at least one row was expected. {"object_type":"Translation"} []
[2023-08-18 15:24:40] app.ERROR: No result was found for query although at least one row was expected. {"object_type":"Translation"} []
[2023-08-18 15:24:40] app.ERROR: No result was found for query although at least one row was expected. {"object_type":"Translation"} []
[2023-08-18 15:24:40] app.ERROR: No result was found for query although at least one row was expected. {"object_type":"Translation"} []
[2023-08-18 15:24:41] app.ERROR: No result was found for query although at least one row was expected. {"object_type":"Translation"} []
[2023-08-18 15:24:41] app.ERROR: No result was found for query although at least one row was expected. {"object_type":"Translation"} []
[2023-08-18 15:24:41] app.ERROR: No result was found for query although at least one row was expected. {"object_type":"Translation"} []
[2023-08-18 15:24:41] app.ERROR: No result was found for query although at least one row was expected. {"object_type":"Translation"} []
[2023-08-18 15:24:41] app.ERROR: No result was found for query although at least one row was expected. {"object_type":"Translation"} []
[2023-08-18 15:24:41] app.ERROR: No result was found for query although at least one row was expected. {"object_type":"Translation"} []
[2023-08-18 15:24:41] app.ERROR: You must specify as many arguments (%d, %s ...) as the original string. {"object_type":"Translation"} []
[2023-08-18 15:24:41] app.ERROR: No result was found for query although at least one row was expected. {"object_type":"Translation"} []
[2023-08-18 15:24:41] app.ERROR: No result was found for query although at least one row was expected. {"object_type":"Translation"} []
[2023-08-18 15:24:41] app.ERROR: No result was found for query although at least one row was expected. {"object_type":"Translation"} []
[2023-08-18 15:24:41] app.ERROR: No result was found for query although at least one row was expected. {"object_type":"Translation"} []
[2023-08-18 15:24:41] app.ERROR: No result was found for query although at least one row was expected. {"object_type":"Translation"} []
[2023-08-18 15:24:41] app.ERROR: No result was found for query although at least one row was expected. {"object_type":"Translation"} []
[2023-08-18 15:24:41] app.ERROR: You must specify as many arguments (%d, %s ...) as the original string. {"object_type":"Translation"} []
[2023-08-18 15:24:41] app.ERROR: No result was found for query although at least one row was expected. {"object_type":"Translation"} []
[2023-08-18 15:24:41] app.ERROR: No result was found for query although at least one row was expected. {"object_type":"Translation"} []
[2023-08-18 15:24:41] app.ERROR: No result was found for query although at least one row was expected. {"object_type":"Translation"} []
[2023-08-18 15:24:41] app.ERROR: No result was found for query although at least one row was expected. {"object_type":"Translation"} []
[2023-08-18 15:24:41] app.ERROR: No result was found for query although at least one row was expected. {"object_type":"Translation"} []
[2023-08-18 15:24:41] app.ERROR: No result was found for query although at least one row was expected. {"object_type":"Translation"} []
[2023-08-18 15:24:41] app.ERROR: No result was found for query although at least one row was expected. {"object_type":"Translation"} []
[2023-08-18 15:24:41] app.ERROR: No result was found for query although at least one row was expected. {"object_type":"Translation"} []
[2023-08-18 15:24:41] app.ERROR: No result was found for query although at least one row was expected. {"object_type":"Translation"} []
[2023-08-18 15:24:41] app.ERROR: No result was found for query although at least one row was expected. {"object_type":"Translation"} []
[2023-08-18 15:24:41] security.DEBUG: Stored the security token in the session. {"key":"_security_main"} []
[2023-08-18 15:25:07] request.INFO: Matched route "admin_themes_import". {"route":"admin_themes_import","route_parameters":{"_route":"admin_themes_import","_controller":"PrestaShopBundle\\Controller\\Admin\\Improve\\Design\\ThemeController::importAction","_legacy_controller":"AdminThemes","_legacy_link":"AdminThemes:importtheme"},"request_uri":"http://localhost:7777/prestashop_edition_basic_version_8.1.0/admin1017mfaenagmddc8ms3/index.php/improve/design/themes/import?_token=eIq2ivPYq7kmIg8xFFr1MEAfxSZsksYcZJ8LpV6eOVA","method":"POST"} []
[2023-08-18 15:25:07] security.DEBUG: Read existing security token from the session. {"key":"_security_main","token_class":"Symfony\\Component\\Security\\Core\\Authentication\\Token\\UsernamePasswordToken"} []
[2023-08-18 15:25:07] security.DEBUG: User was reloaded from a user provider. {"provider":"PrestaShopBundle\\Security\\Admin\\EmployeeProvider","username":"islam.abuaish.dev@gmail.com"} []
[2023-08-18 15:25:10] app.ERROR: No result was found for query although at least one row was expected. {"object_type":"Translation"} []
[2023-08-18 15:25:10] app.ERROR: You must specify as many arguments (%d, %s ...) as the original string. {"object_type":"Translation"} []
[2023-08-18 15:25:10] app.ERROR: No result was found for query although at least one row was expected. {"object_type":"Translation"} []
[2023-08-18 15:25:10] app.ERROR: You must specify as many arguments (%d, %s ...) as the original string. {"object_type":"Translation"} []
[2023-08-18 15:25:10] security.DEBUG: Stored the security token in the session. {"key":"_security_main"} []
